Starting job 6020446 on c6-4 at Thu Jun 23 15:03:42 CEST 2022

The output folder, /cluster/projects/nn4605k/junbaiw/rrpathology/local/FL_project2019/bayespi_bar_2_alireza/bayes_pi_bar_3.1/to_github/bpb3/final_demo_data/demo1_67snps/out/foreground/test_seq , exists. Trying to reuse the (possibly partial) results from it...
Calculating dbA values for 67 sequences in /cluster/projects/nn4605k/junbaiw/rrpathology/local/FL_project2019/bayespi_bar_2_alireza/bayes_pi_bar_3.1/to_github/bpb3/final_demo_data/demo1_67snps/in/snps_ref.fasta and 1772 PWMs in ../../final_demo_data/pwm using 10000 background iterations and 6 chemical potential(s): none, -10, -13, -15, -18, -20
Calculating dbA values for 67 sequences in /cluster/projects/nn4605k/junbaiw/rrpathology/local/FL_project2019/bayespi_bar_2_alireza/bayes_pi_bar_3.1/to_github/bpb3/final_demo_data/demo1_67snps/in/snps_alt.fasta and 1772 PWMs in ../../final_demo_data/pwm using 10000 background iterations and 6 chemical potential(s): none, -10, -13, -15, -18, -20
Running 21264 jobs in 10 parallel processes
Collecting dbA values...
Calculating delta-dbA values...
Integrating delta-dbA values across chemical potentials using mean_ddba ...
Integrating delta-dbA values across chemical potentials using pca ...
Computing PWM rankings for each variant...
Remove temporary files in foreround output: 
rm -f /cluster/projects/nn4605k/junbaiw/rrpathology/local/FL_project2019/bayespi_bar_2_alireza/bayes_pi_bar_3.1/to_github/bpb3/final_demo_data/demo1_67snps/out/foreground/test_seq/dba_alt/potential_none/*0
rm -f /cluster/projects/nn4605k/junbaiw/rrpathology/local/FL_project2019/bayespi_bar_2_alireza/bayes_pi_bar_3.1/to_github/bpb3/final_demo_data/demo1_67snps/out/foreground/test_seq/dba_ref/potential_none/*0
rm -f /cluster/projects/nn4605k/junbaiw/rrpathology/local/FL_project2019/bayespi_bar_2_alireza/bayes_pi_bar_3.1/to_github/bpb3/final_demo_data/demo1_67snps/out/foreground/test_seq/dba_alt/potential_-10/*0
rm -f /cluster/projects/nn4605k/junbaiw/rrpathology/local/FL_project2019/bayespi_bar_2_alireza/bayes_pi_bar_3.1/to_github/bpb3/final_demo_data/demo1_67snps/out/foreground/test_seq/dba_ref/potential_-10/*0
rm -f /cluster/projects/nn4605k/junbaiw/rrpathology/local/FL_project2019/bayespi_bar_2_alireza/bayes_pi_bar_3.1/to_github/bpb3/final_demo_data/demo1_67snps/out/foreground/test_seq/dba_alt/potential_-13/*0
rm -f /cluster/projects/nn4605k/junbaiw/rrpathology/local/FL_project2019/bayespi_bar_2_alireza/bayes_pi_bar_3.1/to_github/bpb3/final_demo_data/demo1_67snps/out/foreground/test_seq/dba_ref/potential_-13/*0
rm -f /cluster/projects/nn4605k/junbaiw/rrpathology/local/FL_project2019/bayespi_bar_2_alireza/bayes_pi_bar_3.1/to_github/bpb3/final_demo_data/demo1_67snps/out/foreground/test_seq/dba_alt/potential_-15/*0
rm -f /cluster/projects/nn4605k/junbaiw/rrpathology/local/FL_project2019/bayespi_bar_2_alireza/bayes_pi_bar_3.1/to_github/bpb3/final_demo_data/demo1_67snps/out/foreground/test_seq/dba_ref/potential_-15/*0
rm -f /cluster/projects/nn4605k/junbaiw/rrpathology/local/FL_project2019/bayespi_bar_2_alireza/bayes_pi_bar_3.1/to_github/bpb3/final_demo_data/demo1_67snps/out/foreground/test_seq/dba_alt/potential_-18/*0
rm -f /cluster/projects/nn4605k/junbaiw/rrpathology/local/FL_project2019/bayespi_bar_2_alireza/bayes_pi_bar_3.1/to_github/bpb3/final_demo_data/demo1_67snps/out/foreground/test_seq/dba_ref/potential_-18/*0
rm -f /cluster/projects/nn4605k/junbaiw/rrpathology/local/FL_project2019/bayespi_bar_2_alireza/bayes_pi_bar_3.1/to_github/bpb3/final_demo_data/demo1_67snps/out/foreground/test_seq/dba_alt/potential_-20/*0
rm -f /cluster/projects/nn4605k/junbaiw/rrpathology/local/FL_project2019/bayespi_bar_2_alireza/bayes_pi_bar_3.1/to_github/bpb3/final_demo_data/demo1_67snps/out/foreground/test_seq/dba_ref/potential_-20/*0
rm -fr /cluster/projects/nn4605k/junbaiw/rrpathology/local/FL_project2019/bayespi_bar_2_alireza/bayes_pi_bar_3.1/to_github/bpb3/final_demo_data/demo1_67snps/out/foreground/test_seq/parallel_tmp
Done with clean temporary files
Exists ,  /cluster/projects/nn4605k/junbaiw/rrpathology/local/FL_project2019/bayespi_bar_2_alireza/bayes_pi_bar_3.1/to_github/bpb3/final_demo_data/demo1_67snps/out
Log file: /cluster/projects/nn4605k/junbaiw/rrpathology/local/FL_project2019/bayespi_bar_2_alireza/bayes_pi_bar_3.1/to_github/bpb3/final_demo_data/demo1_67snps/out/demo1_67snps_bpb3.log_1655989436.768113
Creater ,  /cluster/projects/nn4605k/junbaiw/rrpathology/local/FL_project2019/bayespi_bar_2_alireza/bayes_pi_bar_3.1/to_github/bpb3/final_demo_data/demo1_67snps/out/foreground
Creater ,  /cluster/projects/nn4605k/junbaiw/rrpathology/local/FL_project2019/bayespi_bar_2_alireza/bayes_pi_bar_3.1/to_github/bpb3/final_demo_data/demo1_67snps/out/foreground/test_seq
/cluster/projects/nn4605k/junbaiw/rrpathology/local/FL_project2019/bayespi_bar_2_alireza/bayes_pi_bar_3.1/to_github/bpb3/final_demo_data/demo1_67snps/out/foreground

Task and CPU usage stats:
JobID           JobName  AllocCPUS   NTasks     MinCPU MinCPUTask     AveCPU    Elapsed ExitCode 
------------ ---------- ---------- -------- ---------- ---------- ---------- ---------- -------- 
6020446      demo1-bpb3         12                                             00:32:10      0:0 
6020446.bat+      batch         12        1   03:56:43          0   03:56:43   00:32:10      0:0 
6020446.ext+     extern         12        1   00:00:00          0   00:00:00   00:32:10      0:0 

Memory usage stats:
JobID            MaxRSS MaxRSSTask     AveRSS MaxPages   MaxPagesTask   AvePages 
------------ ---------- ---------- ---------- -------- -------------- ---------- 
6020446                                                                          
6020446.bat+     81140K          0     81140K        0              0          0 
6020446.ext+          0          0          0        0              0          0 

Disk usage stats:
JobID         MaxDiskRead MaxDiskReadTask    AveDiskRead MaxDiskWrite MaxDiskWriteTask   AveDiskWrite 
------------ ------------ --------------- -------------- ------------ ---------------- -------------- 
6020446                                                                                               
6020446.bat+        0.83M               0          0.83M        0.00M                0          0.00M 
6020446.ext+        0.00M               0          0.00M            0                0              0 

Job 6020446 completed at Thu Jun 23 15:35:52 CEST 2022
