Starting job 6021900 on c11-6 at Thu Jun 23 16:11:49 CEST 2022

Copied  230  from  ../../final_demo_data/demo5_fl_cohort_small_cluster4pwm_cmd/out/../abc4pwm_quality_assessed_out_seed5  to  /cluster/projects/nn4605k/junbaiw/rrpathology/local/FL_project2019/bayespi_bar_2_alireza/bayes_pi_bar_3.1/to_github/bpb3/final_demo_data/demo5_fl_cohort_small_cluster4pwm_cmd/tmp_pwm
Copied  506  from  ../../final_demo_data/demo5_fl_cohort_small_cluster4pwm_cmd/out/../abc4pwm_uncertain_pwms  to  /cluster/projects/nn4605k/junbaiw/rrpathology/local/FL_project2019/bayespi_bar_2_alireza/bayes_pi_bar_3.1/to_github/bpb3/final_demo_data/demo5_fl_cohort_small_cluster4pwm_cmd/tmp_pwm
T-test
Export at  ../../final_demo_data/demo5_fl_cohort_small_cluster4pwm_cmd/out/regions.bed
902 regions of interest are selected in file ../../final_demo_data/demo5_fl_cohort_small_cluster4pwm_cmd/out/regions.bed
11 patients in the dataset
Sorting mutations...
Computing blocks...
Patient list:
[ 0 ] ../../final_demo_data/demo5_fl_cohort_small_cluster4pwm_cmd/out/../patient_data/DO52653/icgc_mutations_on_18.tsv : 182 mutations total ->
18 mutations selected in regions ->
18 mutations in 2 blocks
[ 1 ] ../../final_demo_data/demo5_fl_cohort_small_cluster4pwm_cmd/out/../patient_data/DO52685/icgc_mutations_on_18.tsv : 440 mutations total ->
31 mutations selected in regions ->
27 mutations in 2 blocks
[ 2 ] ../../final_demo_data/demo5_fl_cohort_small_cluster4pwm_cmd/out/../patient_data/DO52681/icgc_mutations_on_18.tsv : 434 mutations total ->
46 mutations selected in regions ->
44 mutations in 2 blocks
[ 3 ] ../../final_demo_data/demo5_fl_cohort_small_cluster4pwm_cmd/out/../patient_data/DO52676/icgc_mutations_on_18.tsv : 45 mutations total ->
4 mutations selected in regions ->
0 mutations in 0 blocks
[ 4 ] ../../final_demo_data/demo5_fl_cohort_small_cluster4pwm_cmd/out/../patient_data/DO27859/icgc_mutations_on_18.tsv : 203 mutations total ->
7 mutations selected in regions ->
7 mutations in 2 blocks
[ 5 ] ../../final_demo_data/demo5_fl_cohort_small_cluster4pwm_cmd/out/../patient_data/DO52689/icgc_mutations_on_18.tsv : 343 mutations total ->
10 mutations selected in regions ->
10 mutations in 2 blocks
[ 6 ] ../../final_demo_data/demo5_fl_cohort_small_cluster4pwm_cmd/out/../patient_data/DO52677/icgc_mutations_on_18.tsv : 257 mutations total ->
18 mutations selected in regions ->
17 mutations in 2 blocks
[ 7 ] ../../final_demo_data/demo5_fl_cohort_small_cluster4pwm_cmd/out/../patient_data/DO52680/icgc_mutations_on_18.tsv : 49 mutations total ->
0 mutations selected in regions ->
0 mutations in 0 blocks
[ 8 ] ../../final_demo_data/demo5_fl_cohort_small_cluster4pwm_cmd/out/../patient_data/DO52656/icgc_mutations_on_18.tsv : 149 mutations total ->
12 mutations selected in regions ->
11 mutations in 1 blocks
[ 9 ] ../../final_demo_data/demo5_fl_cohort_small_cluster4pwm_cmd/out/../patient_data/DO52669/icgc_mutations_on_18.tsv : 191 mutations total ->
14 mutations selected in regions ->
11 mutations in 2 blocks
[ 10 ] ../../final_demo_data/demo5_fl_cohort_small_cluster4pwm_cmd/out/../patient_data/DO52694/icgc_mutations_on_18.tsv : 184 mutations total ->
17 mutations selected in regions ->
16 mutations in 2 blocks
Total loaded mutations: 2477
, total mutations selected in regions: 177
, total mutations in blocks: 161
2 mutation blocks (ordered by number of patients):
block 1 @ 18 : 60987833 - 60988302
[ BCL2;-;up1000;down1000 ]
, 470 bp, 102 mutations ,
9 patients
block 0 @ 18 : 60986372 - 60987028
[ BCL2;-;up1000;down1000 ]
, 657 bp, 59 mutations ,
8 patients
Read , ../../final_demo_data/demo5_fl_cohort_small_cluster4pwm_cmd/out/mussd_blocks/blocks_summary.tsv
Adjust P-values by Bonferroni correction in high mutation blocks test
Calculating dbA values for 8 sequences in ../../final_demo_data/demo5_fl_cohort_small_cluster4pwm_cmd/out/mussd_blocks/block_0_18_60986372_60987028_ref.fasta and 736 PWMs in ../../final_demo_data/demo5_fl_cohort_small_cluster4pwm_cmd/out/../tmp_pwm using 10000 background iterations and 6 chemical potential(s): none, -10, -13, -15, -18, -20
Calculating dbA values for 8 sequences in ../../final_demo_data/demo5_fl_cohort_small_cluster4pwm_cmd/out/mussd_blocks/block_0_18_60986372_60987028_alt.fasta and 736 PWMs in ../../final_demo_data/demo5_fl_cohort_small_cluster4pwm_cmd/out/../tmp_pwm using 10000 background iterations and 6 chemical potential(s): none, -10, -13, -15, -18, -20
Running 8832 jobs in 10 parallel processes
Collecting dbA values...
Calculating delta-dbA values...
Integrating delta-dbA values across chemical potentials using mean_ddba ...
Integrating delta-dbA values across chemical potentials using pca ...
Computing PWM rankings for each variant...
Calculating dbA values for 9 sequences in ../../final_demo_data/demo5_fl_cohort_small_cluster4pwm_cmd/out/mussd_blocks/block_1_18_60987833_60988302_ref.fasta and 736 PWMs in ../../final_demo_data/demo5_fl_cohort_small_cluster4pwm_cmd/out/../tmp_pwm using 10000 background iterations and 6 chemical potential(s): none, -10, -13, -15, -18, -20
Calculating dbA values for 9 sequences in ../../final_demo_data/demo5_fl_cohort_small_cluster4pwm_cmd/out/mussd_blocks/block_1_18_60987833_60988302_alt.fasta and 736 PWMs in ../../final_demo_data/demo5_fl_cohort_small_cluster4pwm_cmd/out/../tmp_pwm using 10000 background iterations and 6 chemical potential(s): none, -10, -13, -15, -18, -20
Running 8832 jobs in 10 parallel processes
Collecting dbA values...
Calculating delta-dbA values...
Integrating delta-dbA values across chemical potentials using mean_ddba ...
Integrating delta-dbA values across chemical potentials using pca ...
Computing PWM rankings for each variant...
Background block size will be equal to median significant block size: 611
Mutation count distribution:
	 number of mutations 	 probability
	 3 	 0.058823529411764705
	 4 	 0.11764705882352941
	 5 	 0.11764705882352941
	 6 	 0.11764705882352941
	 7 	 0.11764705882352941
	 9 	 0.11764705882352941
	 10 	 0.058823529411764705
	 11 	 0.058823529411764705
	 13 	 0.11764705882352941
	 18 	 0.058823529411764705
	 31 	 0.058823529411764705
236 PWMs are chosen for background model based on foreground rankings (max rank is 30 )
../../final_demo_data/demo5_fl_cohort_small_cluster4pwm_cmd/out/pwm_for_background ../../final_demo_data/demo5_fl_cohort_small_cluster4pwm_cmd/out/../tmp_pwm
